The variable Name it's not defined, it gets defined with the value failing3 and of string type 

[34mSTART OF THE PROCEDURE [0m-- 

[35mA variable of type Integer is defined
[0mThe variable integer1 gets defined 
The variable integer1 it's not defined, it gets defined with the value integer1 and of  integer type 

[35mA variable of type Integer is defined
[0mThe variable integer2 gets defined 
The variable integer2 it's not defined, it gets defined with the value integer2 and of  integer type 

[35mA variable of type Integer is defined
[0mThe variable integer3 gets defined 
The variable integer3 it's not defined, it gets defined with the value integer3 and of  integer type 

[35mA variable of type Integer is defined
[0mThe variable integer4 gets defined 
The variable integer4 it's not defined, it gets defined with the value integer4 and of  integer type 

[35mA variable of type Float is defined
[0mThe variable float1 gets defined 
The variable float1 it's not defined, it gets defined with the value float1 and of float type 

###########################
 [35mBEGIN[0m 
###########################

[35mADD ON of  integer type 
[0mThe variable integer1 has already been defined -->[32m CORRECT 
[0mThe variable integer1 it's already defined, with the value 44 and of the type  integer 
The variable integer1 values now equals to 44
RESULT OF integer1 equals to   44 

The variable integer2 has already been defined -->[32m CORRECT 
[0mThe variable integer2 it's already defined, with the value 47 and of the type  integer 
The variable integer2 values now equals to 47
RESULT OF integer2 equals to   47 

[35mMULTIPLICATION of  integer type 
[0mThe variable integer3 has already been defined -->[32m CORRECT 
[0mThe variable integer3 it's already defined, with the value 60 and of the type  integer 
The variable integer3 values now equals to 60
RESULT OF integer3 equals to   60 

[35mDIVISION of  integer type 
[0mThe variable integer4 has already been defined -->[32m CORRECT 
[0mThe variable integer4 it's already defined, with the value 5 and of the type  integer 
The variable integer4 values now equals to 5
RESULT OF integer4 equals to    5 

COMMENT 
The variable float1 has already been defined -->[32m CORRECT 
[0mThe variable float1 it's already defined, with the value 2 and of the type  integer 
The variable float1 values now equals to 2
RESULT OF float1 equals to    2 

COMMENT 
The variable integer3 does exist 
The variable integer2 does exist 
[35mNLESS THAN condition.
[0mCondition LESS THAN is false - It's not smaller
The variable integer4 has already been defined -->[32m CORRECT 
[0mThe variable integer4 it's already defined, with the value 69 and of the type  integer 
The variable integer4 values now equals to 69
RESULT OF integer4 equals to   69 

COMMENT 
The variable integer1 does exist 
The variable integer2 does exist 
[35m
BIGGER THAN condition
[0mCondition BIGGER THAN is false - It's not bigger 
The variable integer2 has already been defined -->[32m CORRECT 
[0mThe variable integer2 it's already defined, with the value 70 and of the type  integer 
The variable integer2 values now equals to 70
RESULT OF integer2 equals to   70 

WHILE LOOP 

The names at the beginning and the end are NOT the same --> [31mERROR[0m 
